# JRE version: Java(TM) SE Runtime Environment (8.0_102-b14) (build 1.8.0_102-b14)
# Java VM: Java HotSpot(TM) 64-Bit Server VM (25.102-b14 mixed mode windows-amd64 compressed oops)
Heap:
 PSYoungGen      total 28160K, used 28144K [0x00000000da180000, 0x00000000dca00000, 0x0000000100000000)
  eden space 24064K, 100% used [0x00000000da180000,0x00000000db900000,0x00000000db900000)
  from space 4096K, 99% used [0x00000000db980000,0x00000000dbd7c010,0x00000000dbd80000)
  to   space 8704K, 50% used [0x00000000dc180000,0x00000000dc5d4030,0x00000000dca00000)
 ParOldGen       total 65536K, used 8783K [0x000000008e400000, 0x0000000092400000, 0x00000000da180000)
  object space 65536K, 13% used [0x000000008e400000,0x000000008ec93df8,0x0000000092400000)
 Metaspace       used 18995K, capacity 19238K, committed 19584K, reserved 1067008K
  class space    used 2054K, capacity 2145K, committed 2176K, reserved 1048576K
GC Heap History (10 events):
Event: 2.733 GC heap after
Heap after GC invocations=1 (full 0):
 PSYoungGen      total 28672K, used 3875K [0x00000000da180000, 0x00000000dc180000, 0x0000000100000000)
  eden space 24576K, 0% used [0x00000000da180000,0x00000000da180000,0x00000000db980000)
  from space 4096K, 94% used [0x00000000db980000,0x00000000dbd48ce8,0x00000000dbd80000)
  to   space 4096K, 0% used [0x00000000dbd80000,0x00000000dbd80000,0x00000000dc180000)
 ParOldGen       total 65536K, used 0K [0x000000008e400000, 0x0000000092400000, 0x00000000da180000)
  object space 65536K, 0% used [0x000000008e400000,0x000000008e400000,0x0000000092400000)
 Metaspace       used 6866K, capacity 6960K, committed 7296K, reserved 1056768K
  class space    used 733K, capacity 784K, committed 896K, reserved 1048576K
}
Event: 6.593 GC heap before
{Heap before GC invocations=2 (full 0):
 PSYoungGen      total 28672K, used 28451K [0x00000000da180000, 0x00000000dc180000, 0x0000000100000000)
  eden space 24576K, 100% used [0x00000000da180000,0x00000000db980000,0x00000000db980000)
  from space 4096K, 94% used [0x00000000db980000,0x00000000dbd48ce8,0x00000000dbd80000)
  to   space 4096K, 0% used [0x00000000dbd80000,0x00000000dbd80000,0x00000000dc180000)
 ParOldGen       total 65536K, used 0K [0x000000008e400000, 0x0000000092400000, 0x00000000da180000)
  object space 65536K, 0% used [0x000000008e400000,0x000000008e400000,0x0000000092400000)
 Metaspace       used 9920K, capacity 10038K, committed 10240K, reserved 1058816K
  class space    used 1119K, capacity 1169K, committed 1280K, reserved 1048576K
Event: 6.602 GC heap after
Heap after GC invocations=2 (full 0):
 PSYoungGen      total 28672K, used 4070K [0x00000000da180000, 0x00000000dc180000, 0x0000000100000000)
  eden space 24576K, 0% used [0x00000000da180000,0x00000000da180000,0x00000000db980000)
  from space 4096K, 99% used [0x00000000dbd80000,0x00000000dc179928,0x00000000dc180000)
  to   space 4096K, 0% used [0x00000000db980000,0x00000000db980000,0x00000000dbd80000)
 ParOldGen       total 65536K, used 725K [0x000000008e400000, 0x0000000092400000, 0x00000000da180000)
  object space 65536K, 1% used [0x000000008e400000,0x000000008e4b5770,0x0000000092400000)
 Metaspace       used 9920K, capacity 10038K, committed 10240K, reserved 1058816K
  class space    used 1119K, capacity 1169K, committed 1280K, reserved 1048576K
}
Event: 9.763 GC heap before
{Heap before GC invocations=3 (full 0):
 PSYoungGen      total 28672K, used 27844K [0x00000000da180000, 0x00000000dc180000, 0x0000000100000000)
  eden space 24576K, 96% used [0x00000000da180000,0x00000000db8b7748,0x00000000db980000)
  from space 4096K, 99% used [0x00000000dbd80000,0x00000000dc179928,0x00000000dc180000)
  to   space 4096K, 0% used [0x00000000db980000,0x00000000db980000,0x00000000dbd80000)
 ParOldGen       total 65536K, used 725K [0x000000008e400000, 0x0000000092400000, 0x00000000da180000)
  object space 65536K, 1% used [0x000000008e400000,0x000000008e4b5770,0x0000000092400000)
 Metaspace       used 11252K, capacity 11302K, committed 11520K, reserved 1058816K
  class space    used 1241K, capacity 1268K, committed 1280K, reserved 1048576K
Event: 9.772 GC heap after
Heap after GC invocations=3 (full 0):
 PSYoungGen      total 28672K, used 4095K [0x00000000da180000, 0x00000000dc180000, 0x0000000100000000)
  eden space 24576K, 0% used [0x00000000da180000,0x00000000da180000,0x00000000db980000)
  from space 4096K, 99% used [0x00000000db980000,0x00000000dbd7fc30,0x00000000dbd80000)
  to   space 4096K, 0% used [0x00000000dbd80000,0x00000000dbd80000,0x00000000dc180000)
 ParOldGen       total 65536K, used 2707K [0x000000008e400000, 0x0000000092400000, 0x00000000da180000)
  object space 65536K, 4% used [0x000000008e400000,0x000000008e6a4f80,0x0000000092400000)
 Metaspace       used 11252K, capacity 11302K, committed 11520K, reserved 1058816K
  class space    used 1241K, capacity 1268K, committed 1280K, reserved 1048576K
}
Event: 12.491 GC heap before
{Heap before GC invocations=4 (full 0):
 PSYoungGen      total 28672K, used 28671K [0x00000000da180000, 0x00000000dc180000, 0x0000000100000000)
  eden space 24576K, 100% used [0x00000000da180000,0x00000000db980000,0x00000000db980000)
  from space 4096K, 99% used [0x00000000db980000,0x00000000dbd7fc30,0x00000000dbd80000)
  to   space 4096K, 0% used [0x00000000dbd80000,0x00000000dbd80000,0x00000000dc180000)
 ParOldGen       total 65536K, used 2707K [0x000000008e400000, 0x0000000092400000, 0x00000000da180000)
  object space 65536K, 4% used [0x000000008e400000,0x000000008e6a4f80,0x0000000092400000)
 Metaspace       used 16607K, capacity 16746K, committed 17024K, reserved 1064960K
  class space    used 1798K, capacity 1850K, committed 1920K, reserved 1048576K
Event: 12.504 GC heap after
Heap after GC invocations=4 (full 0):
 PSYoungGen      total 28672K, used 4080K [0x00000000da180000, 0x00000000dc180000, 0x0000000100000000)
  eden space 24576K, 0% used [0x00000000da180000,0x00000000da180000,0x00000000db980000)
  from space 4096K, 99% used [0x00000000dbd80000,0x00000000dc17c030,0x00000000dc180000)
  to   space 4096K, 0% used [0x00000000db980000,0x00000000db980000,0x00000000dbd80000)
 ParOldGen       total 65536K, used 4873K [0x000000008e400000, 0x0000000092400000, 0x00000000da180000)
  object space 65536K, 7% used [0x000000008e400000,0x000000008e8c2490,0x0000000092400000)
 Metaspace       used 16607K, capacity 16746K, committed 17024K, reserved 1064960K
  class space    used 1798K, capacity 1850K, committed 1920K, reserved 1048576K
}
Event: 18.502 GC heap before
{Heap before GC invocations=5 (full 0):
 PSYoungGen      total 28672K, used 28656K [0x00000000da180000, 0x00000000dc180000, 0x0000000100000000)
  eden space 24576K, 100% used [0x00000000da180000,0x00000000db980000,0x00000000db980000)
  from space 4096K, 99% used [0x00000000dbd80000,0x00000000dc17c030,0x00000000dc180000)
  to   space 4096K, 0% used [0x00000000db980000,0x00000000db980000,0x00000000dbd80000)
 ParOldGen       total 65536K, used 4873K [0x000000008e400000, 0x0000000092400000, 0x00000000da180000)
  object space 65536K, 7% used [0x000000008e400000,0x000000008e8c2490,0x0000000092400000)
 Metaspace       used 18728K, capacity 18932K, committed 19328K, reserved 1067008K
  class space    used 2033K, capacity 2107K, committed 2176K, reserved 1048576K
Event: 18.530 GC heap after
Heap after GC invocations=5 (full 0):
 PSYoungGen      total 28160K, used 4080K [0x00000000da180000, 0x00000000dca00000, 0x0000000100000000)
  eden space 24064K, 0% used [0x00000000da180000,0x00000000da180000,0x00000000db900000)
  from space 4096K, 99% used [0x00000000db980000,0x00000000dbd7c010,0x00000000dbd80000)
  to   space 8704K, 0% used [0x00000000dc180000,0x00000000dc180000,0x00000000dca00000)
 ParOldGen       total 65536K, used 8775K [0x000000008e400000, 0x0000000092400000, 0x00000000da180000)
  object space 65536K, 13% used [0x000000008e400000,0x000000008ec91df8,0x0000000092400000)
 Metaspace       used 18728K, capacity 18932K, committed 19328K, reserved 1067008K
  class space    used 2033K, capacity 2107K, committed 2176K, reserved 1048576K
}
Event: 23.367 GC heap before
{Heap before GC invocations=6 (full 0):
 PSYoungGen      total 28160K, used 28144K [0x00000000da180000, 0x00000000dca00000, 0x0000000100000000)
  eden space 24064K, 100% used [0x00000000da180000,0x00000000db900000,0x00000000db900000)
  from space 4096K, 99% used [0x00000000db980000,0x00000000dbd7c010,0x00000000dbd80000)
  to   space 8704K, 0% used [0x00000000dc180000,0x00000000dc180000,0x00000000dca00000)
 ParOldGen       total 65536K, used 8775K [0x000000008e400000, 0x0000000092400000, 0x00000000da180000)
  object space 65536K, 13% used [0x000000008e400000,0x000000008ec91df8,0x0000000092400000)
 Metaspace       used 18995K, capacity 19238K, committed 19584K, reserved 1067008K
  class space    used 2054K, capacity 2145K, committed 2176K, reserved 1048576K

